#-----------------------------------------------------------
# Vivado v2022.1 (64-bit)
# SW Build 3526262 on Mon Apr 18 15:47:01 MDT 2022
# IP Build 3524634 on Mon Apr 18 20:55:01 MDT 2022
# Start of session at: Mon Apr 24 23:57:59 2023
# Process ID: 831154
# Current directory: /doc/xzh/out_exp_48/fuzz_811/vivado
# Command line: vivado -mode batch -source vivado_top.tcl
# Log file: /doc/xzh/out_exp_48/fuzz_811/vivado/vivado.log
# Journal file: /doc/xzh/out_exp_48/fuzz_811/vivado/vivado.jou
# Running On: tsmc-System-Product-Name, OS: Linux, CPU Frequency: 4699.981 MHz, CPU Physical cores: 10, Host memory: 134967 MB
#-----------------------------------------------------------
source vivado_top.tcl
# set_msg_config -id {Synth 8-5821} -new_severity {WARNING}
# read_verilog rtl.v
# synth_design -part xc7k70t -top top
Command: synth_design -part xc7k70t -top top
Starting synth_design
Attempting to get a license for feature 'Synthesis' and/or device 'xc7k70t'
INFO: [Common 17-349] Got license for feature 'Synthesis' and/or device 'xc7k70t'
INFO: [Synth 8-7079] Multithreading enabled for synth_design using a maximum of 4 processes.
INFO: [Synth 8-7078] Launching helper process for spawning children vivado processes
INFO: [Synth 8-7075] Helper process launched with PID 831315
---------------------------------------------------------------------------------
Starting Synthesize : Time (s): cpu = 00:00:03 ; elapsed = 00:00:03 . Memory (MB): peak = 2898.562 ; gain = 0.000 ; free physical = 1600 ; free virtual = 114474
---------------------------------------------------------------------------------
INFO: [Synth 8-6157] synthesizing module 'top' [/doc/xzh/out_exp_48/fuzz_811/vivado/rtl.v:1]
WARNING: [Synth 8-5974] attribute "use_dsp48" has been deprecated, please use "use_dsp" instead 
INFO: [Synth 8-6157] synthesizing module 'module9' [/doc/xzh/out_exp_48/fuzz_811/vivado/rtl.v:184]
WARNING: [Synth 8-5974] attribute "use_dsp48" has been deprecated, please use "use_dsp" instead 
INFO: [Synth 8-6155] done synthesizing module 'module9' (0#1) [/doc/xzh/out_exp_48/fuzz_811/vivado/rtl.v:184]
WARNING: [Synth 8-689] width (22) of port connection 'wire14' does not match port width (20) of module 'module9' [/doc/xzh/out_exp_48/fuzz_811/vivado/rtl.v:32]
WARNING: [Synth 8-689] width (11) of port connection 'wire10' does not match port width (5) of module 'module9' [/doc/xzh/out_exp_48/fuzz_811/vivado/rtl.v:32]
WARNING: [Synth 8-689] width (22) of port connection 'y' does not match port width (263) of module 'module9' [/doc/xzh/out_exp_48/fuzz_811/vivado/rtl.v:32]
WARNING: [Synth 8-689] width (15) of port connection 'wire13' does not match port width (7) of module 'module9' [/doc/xzh/out_exp_48/fuzz_811/vivado/rtl.v:32]
WARNING: [Synth 8-689] width (19) of port connection 'wire11' does not match port width (8) of module 'module9' [/doc/xzh/out_exp_48/fuzz_811/vivado/rtl.v:32]
INFO: [Synth 8-6157] synthesizing module 'module40' [/doc/xzh/out_exp_48/fuzz_811/vivado/rtl.v:43]
WARNING: [Synth 8-5974] attribute "use_dsp48" has been deprecated, please use "use_dsp" instead 
INFO: [Synth 8-6157] synthesizing module 'module46' [/doc/xzh/out_exp_48/fuzz_811/vivado/rtl.v:298]
WARNING: [Synth 8-5974] attribute "use_dsp48" has been deprecated, please use "use_dsp" instead 
INFO: [Synth 8-6155] done synthesizing module 'module46' (0#1) [/doc/xzh/out_exp_48/fuzz_811/vivado/rtl.v:298]
WARNING: [Synth 8-689] width (14) of port connection 'wire48' does not match port width (11) of module 'module46' [/doc/xzh/out_exp_48/fuzz_811/vivado/rtl.v:104]
WARNING: [Synth 8-689] width (18) of port connection 'wire50' does not match port width (17) of module 'module46' [/doc/xzh/out_exp_48/fuzz_811/vivado/rtl.v:104]
WARNING: [Synth 8-689] width (16) of port connection 'wire47' does not match port width (6) of module 'module46' [/doc/xzh/out_exp_48/fuzz_811/vivado/rtl.v:104]
WARNING: [Synth 8-689] width (3) of port connection 'y' does not match port width (367) of module 'module46' [/doc/xzh/out_exp_48/fuzz_811/vivado/rtl.v:104]
INFO: [Synth 8-6155] done synthesizing module 'module40' (0#1) [/doc/xzh/out_exp_48/fuzz_811/vivado/rtl.v:43]
WARNING: [Synth 8-689] width (15) of port connection 'wire42' does not match port width (11) of module 'module40' [/doc/xzh/out_exp_48/fuzz_811/vivado/rtl.v:33]
WARNING: [Synth 8-689] width (18) of port connection 'y' does not match port width (275) of module 'module40' [/doc/xzh/out_exp_48/fuzz_811/vivado/rtl.v:33]
INFO: [Synth 8-6155] done synthesizing module 'top' (0#1) [/doc/xzh/out_exp_48/fuzz_811/vivado/rtl.v:1]
WARNING: [Synth 8-6014] Unused sequential element reg80_reg was removed.  [/doc/xzh/out_exp_48/fuzz_811/vivado/rtl.v:338]
WARNING: [Synth 8-3917] design top has port y[93] driven by constant 0
WARNING: [Synth 8-3917] design top has port y[92] driven by constant 0
WARNING: [Synth 8-3917] design top has port y[91] driven by constant 0
WARNING: [Synth 8-3917] design top has port y[90] driven by constant 0
WARNING: [Synth 8-3917] design top has port y[89] driven by constant 0
WARNING: [Synth 8-3917] design top has port y[88] driven by constant 0
WARNING: [Synth 8-3917] design top has port y[87] driven by constant 0
WARNING: [Synth 8-3917] design top has port y[86] driven by constant 0
WARNING: [Synth 8-3917] design top has port y[85] driven by constant 0
WARNING: [Synth 8-3917] design top has port y[84] driven by constant 0
WARNING: [Synth 8-3917] design top has port y[82] driven by constant 0
WARNING: [Synth 8-3917] design top has port y[81] driven by constant 0
WARNING: [Synth 8-3917] design top has port y[80] driven by constant 0
WARNING: [Synth 8-3917] design top has port y[79] driven by constant 0
WARNING: [Synth 8-3917] design top has port y[78] driven by constant 0
WARNING: [Synth 8-3917] design top has port y[77] driven by constant 0
WARNING: [Synth 8-3917] design top has port y[76] driven by constant 0
WARNING: [Synth 8-3917] design top has port y[75] driven by constant 0
WARNING: [Synth 8-3917] design top has port y[74] driven by constant 0
WARNING: [Synth 8-3917] design top has port y[73] driven by constant 0
WARNING: [Synth 8-3917] design top has port y[72] driven by constant 0
WARNING: [Synth 8-3917] design top has port y[71] driven by constant 0
WARNING: [Synth 8-3917] design top has port y[70] driven by constant 0
WARNING: [Synth 8-3917] design top has port y[69] driven by constant 0
WARNING: [Synth 8-3917] design top has port y[68] driven by constant 0
WARNING: [Synth 8-3917] design top has port y[67] driven by constant 0
WARNING: [Synth 8-3917] design top has port y[66] driven by constant 0
WARNING: [Synth 8-3917] design top has port y[65] driven by constant 0
WARNING: [Synth 8-3917] design top has port y[64] driven by constant 0
WARNING: [Synth 8-3917] design top has port y[63] driven by constant 0
WARNING: [Synth 8-3917] design top has port y[62] driven by constant 0
WARNING: [Synth 8-3917] design top has port y[60] driven by constant 0
WARNING: [Synth 8-3917] design top has port y[59] driven by constant 0
WARNING: [Synth 8-3917] design top has port y[58] driven by constant 0
WARNING: [Synth 8-3917] design top has port y[57] driven by constant 0
WARNING: [Synth 8-3917] design top has port y[56] driven by constant 0
WARNING: [Synth 8-3917] design top has port y[55] driven by constant 0
WARNING: [Synth 8-3917] design top has port y[54] driven by constant 0
WARNING: [Synth 8-3917] design top has port y[53] driven by constant 0
WARNING: [Synth 8-3917] design top has port y[52] driven by constant 0
WARNING: [Synth 8-3917] design top has port y[51] driven by constant 0
WARNING: [Synth 8-3917] design top has port y[50] driven by constant 0
WARNING: [Synth 8-3917] design top has port y[49] driven by constant 0
WARNING: [Synth 8-3917] design top has port y[48] driven by constant 0
WARNING: [Synth 8-3917] design top has port y[47] driven by constant 0
WARNING: [Synth 8-3917] design top has port y[46] driven by constant 0
WARNING: [Synth 8-3917] design top has port y[44] driven by constant 0
WARNING: [Synth 8-3917] design top has port y[43] driven by constant 0
WARNING: [Synth 8-3917] design top has port y[42] driven by constant 0
WARNING: [Synth 8-3917] design top has port y[41] driven by constant 0
WARNING: [Synth 8-3917] design top has port y[40] driven by constant 0
WARNING: [Synth 8-3917] design top has port y[39] driven by constant 0
WARNING: [Synth 8-3917] design top has port y[38] driven by constant 0
WARNING: [Synth 8-3917] design top has port y[37] driven by constant 0
WARNING: [Synth 8-3917] design top has port y[36] driven by constant 0
WARNING: [Synth 8-3917] design top has port y[35] driven by constant 0
WARNING: [Synth 8-3917] design top has port y[34] driven by constant 0
WARNING: [Synth 8-3917] design top has port y[33] driven by constant 0
WARNING: [Synth 8-3917] design top has port y[32] driven by constant 0
WARNING: [Synth 8-3917] design top has port y[31] driven by constant 0
WARNING: [Synth 8-3917] design top has port y[30] driven by constant 0
WARNING: [Synth 8-3917] design top has port y[29] driven by constant 0
WARNING: [Synth 8-3917] design top has port y[0] driven by constant 0
WARNING: [Synth 8-7129] Port wire0[18] in module top is either unconnected or has no load
WARNING: [Synth 8-7129] Port wire0[17] in module top is either unconnected or has no load
WARNING: [Synth 8-7129] Port wire0[16] in module top is either unconnected or has no load
WARNING: [Synth 8-7129] Port wire0[15] in module top is either unconnected or has no load
WARNING: [Synth 8-7129] Port wire0[14] in module top is either unconnected or has no load
WARNING: [Synth 8-7129] Port wire0[13] in module top is either unconnected or has no load
WARNING: [Synth 8-7129] Port wire0[12] in module top is either unconnected or has no load
WARNING: [Synth 8-7129] Port wire0[11] in module top is either unconnected or has no load
WARNING: [Synth 8-7129] Port wire0[10] in module top is either unconnected or has no load
WARNING: [Synth 8-7129] Port wire0[9] in module top is either unconnected or has no load
WARNING: [Synth 8-7129] Port wire0[8] in module top is either unconnected or has no load
---------------------------------------------------------------------------------
Finished Synthesize : Time (s): cpu = 00:00:04 ; elapsed = 00:00:04 . Memory (MB): peak = 2898.562 ; gain = 0.000 ; free physical = 2669 ; free virtual = 115562
---------------------------------------------------------------------------------
---------------------------------------------------------------------------------
Finished Constraint Validation : Time (s): cpu = 00:00:05 ; elapsed = 00:00:05 . Memory (MB): peak = 2898.562 ; gain = 0.000 ; free physical = 2661 ; free virtual = 115561
---------------------------------------------------------------------------------
---------------------------------------------------------------------------------
Start Loading Part and Timing Information
---------------------------------------------------------------------------------
Loading part: xc7k70tfbg676-3
INFO: [Device 21-403] Loading part xc7k70tfbg676-3
---------------------------------------------------------------------------------
Finished Loading Part and Timing Information : Time (s): cpu = 00:00:05 ; elapsed = 00:00:05 . Memory (MB): peak = 2906.562 ; gain = 8.000 ; free physical = 2659 ; free virtual = 115559
---------------------------------------------------------------------------------
WARNING: [Synth 8-3936] Found unconnected internal register 'reg109_reg' and it is trimmed from '11' to '4' bits. [/doc/xzh/out_exp_48/fuzz_811/vivado/rtl.v:19]
---------------------------------------------------------------------------------
Finished RTL Optimization Phase 2 : Time (s): cpu = 00:00:05 ; elapsed = 00:00:05 . Memory (MB): peak = 2906.562 ; gain = 8.000 ; free physical = 2609 ; free virtual = 115515
---------------------------------------------------------------------------------
No constraint files found.
---------------------------------------------------------------------------------
Start RTL Component Statistics 
---------------------------------------------------------------------------------
Detailed RTL Component Info : 
+---Adders : 
	   4 Input   32 Bit       Adders := 1     
	   3 Input   32 Bit       Adders := 1     
	   3 Input   20 Bit       Adders := 1     
	   2 Input   16 Bit       Adders := 1     
	   3 Input   14 Bit       Adders := 1     
	   2 Input    8 Bit       Adders := 2     
	   2 Input    7 Bit       Adders := 1     
	   2 Input    1 Bit       Adders := 1     
+---XORs : 
	   2 Input     21 Bit         XORs := 2     
	   2 Input     20 Bit         XORs := 1     
	   2 Input     17 Bit         XORs := 2     
	   2 Input     16 Bit         XORs := 1     
	   2 Input     14 Bit         XORs := 1     
	   2 Input     12 Bit         XORs := 1     
	   2 Input      8 Bit         XORs := 1     
	   2 Input      7 Bit         XORs := 1     
	   2 Input      5 Bit         XORs := 1     
+---XORs : 
	               31 Bit    Wide XORs := 1     
	               21 Bit    Wide XORs := 1     
	               16 Bit    Wide XORs := 1     
	               12 Bit    Wide XORs := 2     
	               11 Bit    Wide XORs := 2     
	               10 Bit    Wide XORs := 2     
	                8 Bit    Wide XORs := 2     
	                4 Bit    Wide XORs := 2     
	                3 Bit    Wide XORs := 1     
	                2 Bit    Wide XORs := 1     
	                1 Bit    Wide XORs := 2     
+---Registers : 
	               21 Bit    Registers := 2     
	               20 Bit    Registers := 1     
	               19 Bit    Registers := 2     
	               18 Bit    Registers := 1     
	               17 Bit    Registers := 2     
	               16 Bit    Registers := 3     
	               15 Bit    Registers := 1     
	               14 Bit    Registers := 1     
	               12 Bit    Registers := 2     
	               11 Bit    Registers := 3     
	               10 Bit    Registers := 1     
	                9 Bit    Registers := 1     
	                8 Bit    Registers := 3     
	                7 Bit    Registers := 1     
	                6 Bit    Registers := 2     
	                5 Bit    Registers := 2     
	                4 Bit    Registers := 2     
	                3 Bit    Registers := 1     
	                2 Bit    Registers := 2     
	                1 Bit    Registers := 2     
+---Multipliers : 
	                1x1  Multipliers := 1     
+---Muxes : 
	   2 Input   38 Bit        Muxes := 1     
	   2 Input   31 Bit        Muxes := 2     
	   2 Input   24 Bit        Muxes := 1     
	   3 Input   21 Bit        Muxes := 1     
	   2 Input   21 Bit        Muxes := 2     
	   2 Input   20 Bit        Muxes := 4     
	   2 Input   18 Bit        Muxes := 5     
	   2 Input   17 Bit        Muxes := 5     
	   2 Input   16 Bit        Muxes := 4     
	   2 Input   15 Bit        Muxes := 1     
	   2 Input   14 Bit        Muxes := 6     
	   2 Input   13 Bit        Muxes := 1     
	   2 Input   12 Bit        Muxes := 1     
	   2 Input   11 Bit        Muxes := 11    
	   3 Input   11 Bit        Muxes := 1     
	   2 Input   10 Bit        Muxes := 3     
	   3 Input    9 Bit        Muxes := 1     
	   2 Input    9 Bit        Muxes := 1     
	   2 Input    8 Bit        Muxes := 7     
	   2 Input    7 Bit        Muxes := 2     
	   3 Input    6 Bit        Muxes := 1     
	   2 Input    5 Bit        Muxes := 4     
	   4 Input    5 Bit        Muxes := 1     
	   2 Input    4 Bit        Muxes := 5     
	   2 Input    3 Bit        Muxes := 2     
	   2 Input    2 Bit        Muxes := 2     
	   2 Input    1 Bit        Muxes := 5     
---------------------------------------------------------------------------------
Finished RTL Component Statistics 
---------------------------------------------------------------------------------
---------------------------------------------------------------------------------
Start Part Resource Summary
---------------------------------------------------------------------------------
Part Resources:
DSPs: 240 (col length:80)
BRAMs: 270 (col length: RAMB18 80 RAMB36 40)
---------------------------------------------------------------------------------
Finished Part Resource Summary
---------------------------------------------------------------------------------
No constraint files found.
---------------------------------------------------------------------------------
Start Cross Boundary and Area Optimization
---------------------------------------------------------------------------------
WARNING: [Synth 8-7080] Parallel synthesis criteria is not met
WARNING: [Synth 8-3917] design top has port y[118] driven by constant 0
WARNING: [Synth 8-3917] design top has port y[117] driven by constant 0
WARNING: [Synth 8-3917] design top has port y[93] driven by constant 0
WARNING: [Synth 8-3917] design top has port y[92] driven by constant 0
WARNING: [Synth 8-3917] design top has port y[91] driven by constant 0
WARNING: [Synth 8-3917] design top has port y[90] driven by constant 0
WARNING: [Synth 8-3917] design top has port y[89] driven by constant 0
WARNING: [Synth 8-3917] design top has port y[88] driven by constant 0
WARNING: [Synth 8-3917] design top has port y[87] driven by constant 0
WARNING: [Synth 8-3917] design top has port y[86] driven by constant 0
WARNING: [Synth 8-3917] design top has port y[85] driven by constant 0
WARNING: [Synth 8-3917] design top has port y[84] driven by constant 0
WARNING: [Synth 8-3917] design top has port y[82] driven by constant 0
WARNING: [Synth 8-3917] design top has port y[81] driven by constant 0
WARNING: [Synth 8-3917] design top has port y[80] driven by constant 0
WARNING: [Synth 8-3917] design top has port y[79] driven by constant 0
WARNING: [Synth 8-3917] design top has port y[78] driven by constant 0
WARNING: [Synth 8-3917] design top has port y[77] driven by constant 0
WARNING: [Synth 8-3917] design top has port y[76] driven by constant 0
WARNING: [Synth 8-3917] design top has port y[75] driven by constant 0
WARNING: [Synth 8-3917] design top has port y[74] driven by constant 0
WARNING: [Synth 8-3917] design top has port y[73] driven by constant 0
WARNING: [Synth 8-3917] design top has port y[72] driven by constant 0
WARNING: [Synth 8-3917] design top has port y[71] driven by constant 0
WARNING: [Synth 8-3917] design top has port y[70] driven by constant 0
WARNING: [Synth 8-3917] design top has port y[69] driven by constant 0
WARNING: [Synth 8-3917] design top has port y[68] driven by constant 0
WARNING: [Synth 8-3917] design top has port y[67] driven by constant 0
WARNING: [Synth 8-3917] design top has port y[66] driven by constant 0
WARNING: [Synth 8-3917] design top has port y[65] driven by constant 0
WARNING: [Synth 8-3917] design top has port y[64] driven by constant 0
WARNING: [Synth 8-3917] design top has port y[63] driven by constant 0
WARNING: [Synth 8-3917] design top has port y[62] driven by constant 0
WARNING: [Synth 8-3917] design top has port y[60] driven by constant 0
WARNING: [Synth 8-3917] design top has port y[59] driven by constant 0
WARNING: [Synth 8-3917] design top has port y[58] driven by constant 0
WARNING: [Synth 8-3917] design top has port y[57] driven by constant 0
INFO: [Common 17-14] Message 'Synth 8-3917' appears 100 times and further instances of the messages will be disabled. Use the Tcl command set_msg_config to change the current settings.
WARNING: [Synth 8-7129] Port wire0[18] in module top is either unconnected or has no load
WARNING: [Synth 8-7129] Port wire0[17] in module top is either unconnected or has no load
WARNING: [Synth 8-7129] Port wire0[16] in module top is either unconnected or has no load
WARNING: [Synth 8-7129] Port wire0[15] in module top is either unconnected or has no load
WARNING: [Synth 8-7129] Port wire0[14] in module top is either unconnected or has no load
WARNING: [Synth 8-7129] Port wire0[13] in module top is either unconnected or has no load
WARNING: [Synth 8-7129] Port wire0[12] in module top is either unconnected or has no load
WARNING: [Synth 8-7129] Port wire0[11] in module top is either unconnected or has no load
WARNING: [Synth 8-7129] Port wire0[10] in module top is either unconnected or has no load
WARNING: [Synth 8-7129] Port wire0[9] in module top is either unconnected or has no load
WARNING: [Synth 8-7129] Port wire0[8] in module top is either unconnected or has no load
---------------------------------------------------------------------------------
Finished Cross Boundary and Area Optimization : Time (s): cpu = 00:00:08 ; elapsed = 00:00:09 . Memory (MB): peak = 2906.562 ; gain = 8.000 ; free physical = 2308 ; free virtual = 115254
---------------------------------------------------------------------------------
No constraint files found.
---------------------------------------------------------------------------------
Start Timing Optimization
---------------------------------------------------------------------------------
---------------------------------------------------------------------------------
Finished Timing Optimization : Time (s): cpu = 00:00:08 ; elapsed = 00:00:09 . Memory (MB): peak = 2906.562 ; gain = 8.000 ; free physical = 2308 ; free virtual = 115254
---------------------------------------------------------------------------------
---------------------------------------------------------------------------------
Start Technology Mapping
---------------------------------------------------------------------------------
---------------------------------------------------------------------------------
Finished Technology Mapping : Time (s): cpu = 00:00:08 ; elapsed = 00:00:09 . Memory (MB): peak = 2906.562 ; gain = 8.000 ; free physical = 2306 ; free virtual = 115251
---------------------------------------------------------------------------------
---------------------------------------------------------------------------------
Start IO Insertion
---------------------------------------------------------------------------------
---------------------------------------------------------------------------------
Start Flattening Before IO Insertion
---------------------------------------------------------------------------------
---------------------------------------------------------------------------------
Finished Flattening Before IO Insertion
---------------------------------------------------------------------------------
---------------------------------------------------------------------------------
Start Final Netlist Cleanup
---------------------------------------------------------------------------------
---------------------------------------------------------------------------------
Finished Final Netlist Cleanup
---------------------------------------------------------------------------------
---------------------------------------------------------------------------------
Finished IO Insertion : Time (s): cpu = 00:00:11 ; elapsed = 00:00:11 . Memory (MB): peak = 2906.562 ; gain = 8.000 ; free physical = 2306 ; free virtual = 115244
---------------------------------------------------------------------------------
---------------------------------------------------------------------------------
Start Renaming Generated Instances
---------------------------------------------------------------------------------
---------------------------------------------------------------------------------
Finished Renaming Generated Instances : Time (s): cpu = 00:00:11 ; elapsed = 00:00:11 . Memory (MB): peak = 2906.562 ; gain = 8.000 ; free physical = 2306 ; free virtual = 115244
---------------------------------------------------------------------------------
---------------------------------------------------------------------------------
Start Rebuilding User Hierarchy
---------------------------------------------------------------------------------
---------------------------------------------------------------------------------
Finished Rebuilding User Hierarchy : Time (s): cpu = 00:00:11 ; elapsed = 00:00:11 . Memory (MB): peak = 2906.562 ; gain = 8.000 ; free physical = 2306 ; free virtual = 115244
---------------------------------------------------------------------------------
---------------------------------------------------------------------------------
Start Renaming Generated Ports
---------------------------------------------------------------------------------
---------------------------------------------------------------------------------
Finished Renaming Generated Ports : Time (s): cpu = 00:00:11 ; elapsed = 00:00:11 . Memory (MB): peak = 2906.562 ; gain = 8.000 ; free physical = 2306 ; free virtual = 115244
---------------------------------------------------------------------------------
---------------------------------------------------------------------------------
Start Handling Custom Attributes
---------------------------------------------------------------------------------
---------------------------------------------------------------------------------
Finished Handling Custom Attributes : Time (s): cpu = 00:00:11 ; elapsed = 00:00:11 . Memory (MB): peak = 2906.562 ; gain = 8.000 ; free physical = 2306 ; free virtual = 115244
---------------------------------------------------------------------------------
---------------------------------------------------------------------------------
Start Renaming Generated Nets
---------------------------------------------------------------------------------
---------------------------------------------------------------------------------
Finished Renaming Generated Nets : Time (s): cpu = 00:00:11 ; elapsed = 00:00:11 . Memory (MB): peak = 2906.562 ; gain = 8.000 ; free physical = 2306 ; free virtual = 115244
---------------------------------------------------------------------------------
---------------------------------------------------------------------------------
Start Writing Synthesis Report
---------------------------------------------------------------------------------

Report BlackBoxes: 
+-+--------------+----------+
| |BlackBox name |Instances |
+-+--------------+----------+
+-+--------------+----------+

Report Cell Usage: 
+------+-------+------+
|      |Cell   |Count |
+------+-------+------+
|1     |BUFG   |     1|
|2     |CARRY4 |    15|
|3     |LUT1   |     4|
|4     |LUT2   |    35|
|5     |LUT3   |     6|
|6     |LUT4   |    35|
|7     |LUT5   |    14|
|8     |LUT6   |    32|
|9     |FDRE   |     1|
|10    |IBUF   |    65|
|11    |OBUF   |   119|
+------+-------+------+

Report Instance Areas: 
+------+--------------+---------+------+
|      |Instance      |Module   |Cells |
+------+--------------+---------+------+
|1     |top           |         |   327|
|2     |  modinst107  |module40 |   107|
|3     |    modinst84 |module46 |   107|
+------+--------------+---------+------+
---------------------------------------------------------------------------------
Finished Writing Synthesis Report : Time (s): cpu = 00:00:11 ; elapsed = 00:00:11 . Memory (MB): peak = 2906.562 ; gain = 8.000 ; free physical = 2306 ; free virtual = 115244
---------------------------------------------------------------------------------
Synthesis finished with 0 errors, 0 critical warnings and 168 warnings.
Synthesis Optimization Runtime : Time (s): cpu = 00:00:11 ; elapsed = 00:00:11 . Memory (MB): peak = 2906.562 ; gain = 8.000 ; free physical = 2316 ; free virtual = 115253
Synthesis Optimization Complete : Time (s): cpu = 00:00:11 ; elapsed = 00:00:11 . Memory (MB): peak = 2906.570 ; gain = 8.000 ; free physical = 2316 ; free virtual = 115253
INFO: [Project 1-571] Translating synthesized netlist
Netlist sorting complete. Time (s): cpu = 00:00:00 ; elapsed = 00:00:00 . Memory (MB): peak = 2906.570 ; gain = 0.000 ; free physical = 2403 ; free virtual = 115340
INFO: [Netlist 29-17] Analyzing 15 Unisim elements for replacement
INFO: [Netlist 29-28] Unisim Transformation completed in 0 CPU seconds
INFO: [Project 1-570] Preparing netlist for logic optimization
INFO: [Opt 31-138] Pushed 0 inverter(s) to 0 load pin(s).
Netlist sorting complete. Time (s): cpu = 00:00:00 ; elapsed = 00:00:00 . Memory (MB): peak = 2962.590 ; gain = 0.000 ; free physical = 2906 ; free virtual = 116114
INFO: [Project 1-111] Unisim Transformation Summary:
No Unisim elements were transformed.

Synth Design complete, checksum: 152b2dab
INFO: [Common 17-83] Releasing license: Synthesis
21 Infos, 140 Warnings, 0 Critical Warnings and 0 Errors encountered.
synth_design completed successfully
synth_design: Time (s): cpu = 00:00:17 ; elapsed = 00:00:14 . Memory (MB): peak = 2962.590 ; gain = 64.031 ; free physical = 3110 ; free virtual = 116318
# write_verilog -force syn_vivado.v
INFO: [Common 17-206] Exiting Vivado at Mon Apr 24 23:58:19 2023...
-----+
+-+--------------+----------+

Report Cell Usage: 
+------+-------+------+
|      |Cell   |Count |
+------+-------+------+
|1     |BUFG   |     1|
|2     |CARRY4 |    15|
|3     |LUT1   |     4|
|4     |LUT2   |    35|
|5     |LUT3   |     6|
|6     |LUT4   |    35|
|7     |LUT5   |    14|
|8     |LUT6   |    32|
|9     |FDRE   |     1|
|10    |IBUF   |    65|
|11    |OBUF   |   119|
+------+-------+------+

Report Instance Areas: 
+------+--------------+---------+------+
|      |Instance      |Module   |Cells |
+------+--------------+---------+------+
|1     |top           |         |   327|
|2     |  modinst107  |module40 |   107|
|3     |    modinst84 |module46 |   107|
+------+--------------+---------+------+
---------------------------------------------------------------------------------
Finished Writing Synthesis Report : Time (s): cpu = 00:00:11 ; elapsed = 00:00:11 . Memory (MB): peak = 2906.562 ; gain = 8.000 ; free physical = 2306 ; free virtual = 115244
---------------------------------------------------------------------------------
Synthesis finished with 0 errors, 0 critical warnings and 168 warnings.
Synthesis Optimization Runtime : Time (s): cpu = 00:00:11 ; elapsed = 00:00:11 . Memory (MB): peak = 2906.562 ; gain = 8.000 ; free physical = 2316 ; free virtual = 115253
Synthesis Optimization Complete : Time (s): cpu = 00:00:11 ; elapsed = 00:00:11 . Memory (MB): peak = 2906.570 ; gain = 8.000 ; free physical = 2316 ; free virtual = 115253
INFO: [Project 1-571] Translating synthesized netlist
Netlist sorting complete. Time (s): cpu = 00:00:00 ; elapsed = 00:00:00 . Memory (MB): peak = 2906.570 ; gain = 0.000 ; free physical = 2403 ; free virtual = 115340
INFO: [Netlist 29-17] Analyzing 15 Unisim elements for replacement
INFO: [Netlist 29-28] Unisim Transformation completed in 0 CPU seconds
INFO: [Project 1-570] Preparing netlist for logic optimization
INFO: [Opt 31-138] Pushed 0 inverter(s) to 0 load pin(s).
Netlist sorting complete. Time (s): cpu = 00:00:00 ; elapsed = 00:00:00 . Memory (MB): peak = 2962.590 ; gain = 0.000 ; free physical = 2906 ; free virtual = 116114
INFO: [Project 1-111] Unisim Transformation Summary:
No Unisim elements were transformed.

Synth Design complete, checksum: 152b2dab
INFO: [Common 17-83] Releasing license: Synthesis
21 Infos, 140 Warnings, 0 Critical Warnings and 0 Errors encountered.
synth_design completed successfully
synth_design: Time (s): cpu = 00:00:17 ; elapsed = 00:00:14 . Memory (MB): peak = 2962.590 ; gain = 64.031 ; free physical = 3110 ; free virtual = 116318
# write_verilog -force syn_vivado.v
INFO: [Common 17-206] Exiting Vivado at Mon Apr 24 23:58:19 2023...
