00000000000000000000000000000000000000000000000000000000000000000000000001000000000000000000000000000000000000000000000
00001100000000000000100000000000000000000000000000000000000000000000000000000000000000000000000010100000011000000001100
00000100000000000000100000000000000000000000000000000000010000000000000000000000000000000000110100000110101000000000100
00000000000000000000100000000000000000000000000000000000000000000000000000000000000000000010110100110110101000000000000
00001000000000000000100000000000000000000000000000000000000000000000000001000000000000000000011100100011100000000001000
00000100000000000000100000000000000000000000000000000000010000000000000000000000000000000001000010001000001000000000100
00001000000000000000100000000000000000000000000000000000000000000000000000000000000000000010010011010010011000000001000
00000000000000000000100000000000000000000000000000000000000000000000000000000000000000000001010011001010011000000000000
00001100000000000000100000000000000000000000000000000000010000000000000001000000000000000000011110000011100000000001100
00000000000000000000100000000000000000000000000000000000010000000000000001000000000000000011111011011111000000000000000
00000000000000000000100000000000000000000000000000000000010000000000000001000000000000000011011111111011100000000000000
00001000000000000000100000000000000000000000000000000000000000000000000001000000000000000011000001111000010000000001000
00001000000000000000100000000000000000000000000000000000000000000000000000000000000000000000000111000000101000000001000
00000000000000000000100000000000000000000000000000000000000000000000000001000000000000000011010010111010000000000000000
00000000000000000000100000000000000000000000000000000000000000000000000001000000000000000000001001100001000000000000000
00000100000000000000100000000000000000000000000000000000010000000000000000000000000000000001101111101101111000000000100
00000100000000000000100000000000000000000000000000000000000000000000000001000000000000000001000100101000100000000000100
00000000000000000000100000000000000000000000000000000000010000000000000001000000000000000001000000101000010000000000000
00000000000000000000100000000000000000000000000000000000000000000000000001000000000000000001000011101000000000000000000
00001100000000000000100000000000000000000000000000000000010000000000000000000000000000000010011110010011101000000001100
00000000000000000000100000000000000000000000000000000000010000000000000001000000000000000001010101001010110000000000000
00001000000000000000100000000000000000000000000000000000000000000000000001000000000000000011100101111100100000000001000
