000000000000000000000000000000000000000000000000000000010000000000000000000000000001000000000000000000000000000000000000000000000000000000000000000000000000010000000010000000000000000000000000001000000000000000000000100000000000000000001000
000000000000000000000000000000000000000000000000000000010000000000000000000000000001000000000000000000000000000000000000000000000000000000000000000000000000010000000000100111100010000000000000001000000000000000000000100000000000000000001000
000000000000000000000000000000000000000000000000000000010000000000000000000000000001000000000000000000000000000000000000000000000000000000000011000100000000010000000000001010100011000000000000001000000000000000000000000000000000000000001000
000000000000000000000000000000000000000000000000000000010000000000000000000000000001000000000000000000000000000000000000000000000000000000000001000110000000010000000000001000110111000000000000001000000000000000000000100000000000000000001000
000000000000000000000000000000000000000000000000000000010000000000000000000000000001000000000000000000000000000000000000000000000000000000000001101110000000010000000000010110001101000000000000001000000000000000000000100000000000000000001000
000000000000000000000000000000000000000000000000000000010000000000000000000000000001000000000000000000000000000000000000000000000000000000000000011010000000010000000000001101101110000000000000001000000000000000000000000000000000000000001000
000000000000000000000000000000000000000000000000000000010000000000000000000000000001000000000000000000000000000000000000000000000000000000000011011100000000010000000000101010111001000000000000001000000000000000000000000000000000000000001000
000000000000000000000000000000000000000000000000000000010000000000000000000000000001000000000000000000000000000000000000000000000000000000000001110010000000010000000000101110010010000000000000001000000000000000000000100000000000000000001000
000000000000000000000000000000000000000000000000000000010000000000000000000000000001000000000000000000000000000000000000000000000000000000000000100100000000010000000000001000010110000000000000001000000000000000000000100000000000000000001000
000000000000000000000000000000000000000000000000000000010000000000000000000000000001000000000000000000000000000000000000000000000000000000000000101100000000010000000000010010110011000000000000001000000000000000000000100000000000000000001000
000000000000000000000000000000000000000000000000000000010000000000000000000000000001000000000000000000000000000000000000000000000000000000000001100110000000010000000000111000010010000000000000001000000000000000000000000000000000000000001000
000000000000000000000000000000000000000000000000000000010000000000000000000000000001000000000000000000000000000000000000000000000000000000000000100100000000010000000000110001001100000000000000001000000000000000000000000000000100000000001000
000000000000000000000000000000000000000000000000000000010000000000000000000000000001000000000000000000000000000000000000000000000000000000000010011000000000010000000000011011001110000000000000001000000000000000000000000000000100000000001000
000000000000000000000000000000000000000000000000000000010000000000000000000000000001000000000000000000000000000000000000000000000000000000000010011100000000010000000000000000101110000000000000001000000000000000000000100000000100000000001000
000000000000000000000000000000000000000000000000000000010000000000000000000000000001000000000000000000000000000000000000000000000000000000000001011100000000010000000000110110000100000000000000001000000000000000000000000000000100000000001000
000000000000000000000000000000000000000000000000000000010000000000000000000000000001000000000000000000000000000000000000000000000000000000000000001000000000010000000000000001111001000000000000001000000000000000000000000000000000000000001000
000000000000000000000000000000000000000000000000000000010000000000000000000000000001000000000000000000000000000000000000000000000000000000000011110010000000010000000000011000010111000000000000001000000000000000000000100000000000000000001000
000000000000000000000000000000000000000000000000000000010000000000000000000000000001000000000000000000000000000000000000000000000000000000000000101110000000010000000000010010001001000000000000001000000000000000000000100000000000000000001000
000000000000000000000000000000000000000000000000000000010000000000000000000000000001000000000000000000000000000000000000000000000000000000000000010010000000010000000000111010000010000000000000001000000000000000000000000000000000000000001000
000000000000000000000000000000000000000000000000000000010000000000000000000000000001000000000000000000000000000000000000000000000000000000000000000100000000010000000000111100111001000000000000001000000000000000000000100000000000000000001000
000000000000000000000000000000000000000000000000000000010000000000000000000000000001000000000000000000000000000000000000000000000000000000000001110010000000010000000000000110111110000000000000001000000000000000000000000000000000000000001000
000000000000000000000000000000000000000000000000000000010000000000000000000000000001000000000000000000000000000000000000000000000000000000000001111100000000010000000000011111111110000000000000001000000000000000000000100000000000000000001000
