#
# An unexpected error has occurred (11)
#
Stack:
/doc/vivado/Vivado/2022.1/tps/lnx64/jre11.0.11_9/lib//server/libjvm.so(+0xbefecb) [0x7f88e59efecb]
/doc/vivado/Vivado/2022.1/tps/lnx64/jre11.0.11_9/lib//server/libjvm.so(JVM_handle_linux_signal+0xd1) [0x7f88e59f6c81]
/doc/vivado/Vivado/2022.1/tps/lnx64/jre11.0.11_9/lib//server/libjvm.so(+0xbead23) [0x7f88e59ead23]
/lib/x86_64-linux-gnu/libc.so.6(+0x42520) [0x7f8940042520]
/doc/vivado/Vivado/2022.1/lib/lnx64.o/librdi_synth.so(DFPin::range() const+0x9) [0x7f88f04afed9]
/doc/vivado/Vivado/2022.1/lib/lnx64.o/librdi_synth.so(SimpleCheckerDSPArithAluWithMultiplier::CompatibleWith(SimpleCheckerDSPArithAluWithMultiplier&, DFPin*)+0xaf) [0x7f88ef1106df]
/doc/vivado/Vivado/2022.1/lib/lnx64.o/librdi_synth.so(SimpleCheckerDSPArithAluWithMultiplier::CompatibleWith(SimpleCheckerDSPArithAluWithMultiplier&, DFPin*)+0x217) [0x7f88ef110847]
/doc/vivado/Vivado/2022.1/lib/lnx64.o/librdi_synth.so(SimpleCheckerDSPArithDynamicAluWithMultiplier::IsOkInternal(DFNode*)+0x22e) [0x7f88ef11357e]
/doc/vivado/Vivado/2022.1/lib/lnx64.o/librdi_synth.so(SimpleChecker::IsOk(DFObject*, SimpleChecker::Direction)+0x47) [0x7f88ef103717]
/doc/vivado/Vivado/2022.1/lib/lnx64.o/librdi_synth.so(HARTHOptRecognizeDsp::recognizeDynamicAluBasedDsp(DFNode*, bool, bool, bool)+0x2c4) [0x7f88ef08ad04]
/doc/vivado/Vivado/2022.1/lib/lnx64.o/librdi_synth.so(HARTHOptPost::topDownPass(bool (*)(DFNode*), void (*)(DFNode*), std::__cxx11::basic_string<char, std::char_traits<char>, std::allocator<char> >)+0xf1) [0x7f88ef01cad1]
/doc/vivado/Vivado/2022.1/lib/lnx64.o/librdi_synth.so(HARTHOptPost::recognizeDsps()+0x2b2) [0x7f88ef0216b2]
/doc/vivado/Vivado/2022.1/lib/lnx64.o/librdi_synth.so(HARTHOptPost::optimize()+0x1578) [0x7f88ef020728]
/doc/vivado/Vivado/2022.1/lib/lnx64.o/librdi_synth.so(HARTHOptDfg::optCallbackPost(DFGraph*)+0x1f) [0x7f88ef76f01f]
/doc/vivado/Vivado/2022.1/lib/lnx64.o/librdi_synth.so(HARTNDb::HARTReSynthReInfer(HOptRestructDfg&, NRealModC*, HARTNDb::MergePhase)+0x1b4) [0x7f88ef12ec54]
/doc/vivado/Vivado/2022.1/lib/lnx64.o/librdi_synth.so(HARTNDb::HARTMergeResynPartitionsR(NRealMod, HARTNDb::MergePhase, bool)+0x2218) [0x7f88ef15ac08]
/doc/vivado/Vivado/2022.1/lib/lnx64.o/librdi_synth.so(HARTNDb::HARTMergeResynPartitionsR(NRealMod, HARTNDb::MergePhase, bool)+0xcc7) [0x7f88ef1596b7]
/doc/vivado/Vivado/2022.1/lib/lnx64.o/librdi_synth.so(HARTNDb::HARTMergeResynPartitions(NRealMod, HARTNDb::MergePhase, bool)+0x178) [0x7f88ef15bea8]
/doc/vivado/Vivado/2022.1/lib/lnx64.o/librdi_synth.so(HARTNDb::reSynthReInfer(bool)+0xe2) [0x7f88ef15c0c2]
/doc/vivado/Vivado/2022.1/lib/lnx64.o/librdi_synth.so(+0x12fb093) [0x7f88ef2fb093]
/doc/vivado/Vivado/2022.1/lib/lnx64.o/librdi_synth.so(+0x1241f45) [0x7f88ef241f45]
/doc/vivado/Vivado/2022.1/lib/lnx64.o/libtcl8.5.so(+0x3356f) [0x7f893b03356f]
/doc/vivado/Vivado/2022.1/lib/lnx64.o/libtcl8.5.so(+0x34bf8) [0x7f893b034bf8]
/doc/vivado/Vivado/2022.1/lib/lnx64.o/libtcl8.5.so(Tcl_EvalEx+0x13) [0x7f893b035163]
/doc/vivado/Vivado/2022.1/lib/lnx64.o/libtcl8.5.so(TclEvalObjEx+0x1e0) [0x7f893b035380]
/doc/vivado/Vivado/2022.1/lib/lnx64.o/libtcl8.5.so(+0x3b445) [0x7f893b03b445]
/doc/vivado/Vivado/2022.1/lib/lnx64.o/libtcl8.5.so(+0x3356f) [0x7f893b03356f]
/doc/vivado/Vivado/2022.1/lib/lnx64.o/libtcl8.5.so(+0x76945) [0x7f893b076945]
/doc/vivado/Vivado/2022.1/lib/lnx64.o/libtcl8.5.so(+0x7e0f9) [0x7f893b07e0f9]
/doc/vivado/Vivado/2022.1/lib/lnx64.o/libtcl8.5.so(TclEvalObjEx+0x76) [0x7f893b035216]
/doc/vivado/Vivado/2022.1/lib/lnx64.o/librdi_commontasks.so(+0x259801) [0x7f8933e59801]
/doc/vivado/Vivado/2022.1/lib/lnx64.o/libtcl8.5.so(+0x3356f) [0x7f893b03356f]
/doc/vivado/Vivado/2022.1/lib/lnx64.o/libtcl8.5.so(+0x76945) [0x7f893b076945]
/doc/vivado/Vivado/2022.1/lib/lnx64.o/libtcl8.5.so(TclObjInterpProcCore+0x420) [0x7f893b0b7ed0]
/doc/vivado/Vivado/2022.1/lib/lnx64.o/libtcl8.5.so(+0x3356f) [0x7f893b03356f]
/doc/vivado/Vivado/2022.1/lib/lnx64.o/libtcl8.5.so(+0x76945) [0x7f893b076945]
/doc/vivado/Vivado/2022.1/lib/lnx64.o/libtcl8.5.so(TclObjInterpProcCore+0x420) [0x7f893b0b7ed0]
/doc/vivado/Vivado/2022.1/lib/lnx64.o/libtcl8.5.so(+0x3356f) [0x7f893b03356f]
/doc/vivado/Vivado/2022.1/lib/lnx64.o/libtcl8.5.so(+0x76945) [0x7f893b076945]
/doc/vivado/Vivado/2022.1/lib/lnx64.o/libtcl8.5.so(TclObjInterpProcCore+0x420) [0x7f893b0b7ed0]
/doc/vivado/Vivado/2022.1/lib/lnx64.o/libtcl8.5.so(+0x3356f) [0x7f893b03356f]
/doc/vivado/Vivado/2022.1/lib/lnx64.o/libtcl8.5.so(+0x76945) [0x7f893b076945]
/doc/vivado/Vivado/2022.1/lib/lnx64.o/libtcl8.5.so(+0x7e0f9) [0x7f893b07e0f9]
/doc/vivado/Vivado/2022.1/lib/lnx64.o/libtcl8.5.so(TclEvalObjEx+0x76) [0x7f893b035216]
/doc/vivado/Vivado/2022.1/lib/lnx64.o/librdi_common.so(hdi::tcltasks::task_manager::eval_in_tcl(Tcl_Interp*, Tcl_Obj*, char const*, bool)+0x74d) [0x7f8941742d5d]
/doc/vivado/Vivado/2022.1/lib/lnx64.o/librdi_common.so(hdi::tcltasks::task_manager::eval_in_tcl(Tcl_Interp*, char const*, char const*, bool)+0xda) [0x7f894174336a]
/doc/vivado/Vivado/2022.1/lib/lnx64.o/librdi_synth.so(HARTNDb::processGenomesSequentially(bool, char const*, char const*)+0xbae) [0x7f88ef1bd83e]
/doc/vivado/Vivado/2022.1/lib/lnx64.o/librdi_synth.so(+0x12e25a8) [0x7f88ef2e25a8]
/doc/vivado/Vivado/2022.1/lib/lnx64.o/librdi_synth.so(+0x1241f45) [0x7f88ef241f45]
/doc/vivado/Vivado/2022.1/lib/lnx64.o/libtcl8.5.so(+0x3356f) [0x7f893b03356f]
/doc/vivado/Vivado/2022.1/lib/lnx64.o/libtcl8.5.so(+0x34bf8) [0x7f893b034bf8]
/doc/vivado/Vivado/2022.1/lib/lnx64.o/libtcl8.5.so(Tcl_EvalEx+0x13) [0x7f893b035163]
/doc/vivado/Vivado/2022.1/lib/lnx64.o/libtcl8.5.so(TclEvalObjEx+0x1e0) [0x7f893b035380]
/doc/vivado/Vivado/2022.1/lib/lnx64.o/libtcl8.5.so(+0x3b445) [0x7f893b03b445]
/doc/vivado/Vivado/2022.1/lib/lnx64.o/libtcl8.5.so(+0x3356f) [0x7f893b03356f]
/doc/vivado/Vivado/2022.1/lib/lnx64.o/libtcl8.5.so(+0x76945) [0x7f893b076945]
/doc/vivado/Vivado/2022.1/lib/lnx64.o/libtcl8.5.so(+0x7e0f9) [0x7f893b07e0f9]
/doc/vivado/Vivado/2022.1/lib/lnx64.o/libtcl8.5.so(TclEvalObjEx+0x76) [0x7f893b035216]
/doc/vivado/Vivado/2022.1/lib/lnx64.o/librdi_commontasks.so(+0x259801) [0x7f8933e59801]
/doc/vivado/Vivado/2022.1/lib/lnx64.o/libtcl8.5.so(+0x3356f) [0x7f893b03356f]
/doc/vivado/Vivado/2022.1/lib/lnx64.o/libtcl8.5.so(+0x76945) [0x7f893b076945]
/doc/vivado/Vivado/2022.1/lib/lnx64.o/libtcl8.5.so(TclObjInterpProcCore+0x420) [0x7f893b0b7ed0]
/doc/vivado/Vivado/2022.1/lib/lnx64.o/libtcl8.5.so(+0x3356f) [0x7f893b03356f]
/doc/vivado/Vivado/2022.1/lib/lnx64.o/libtcl8.5.so(+0x76945) [0x7f893b076945]
/doc/vivado/Vivado/2022.1/lib/lnx64.o/libtcl8.5.so(TclObjInterpProcCore+0x420) [0x7f893b0b7ed0]
/doc/vivado/Vivado/2022.1/lib/lnx64.o/libtcl8.5.so(+0x3356f) [0x7f893b03356f]
/doc/vivado/Vivado/2022.1/lib/lnx64.o/libtcl8.5.so(+0x76945) [0x7f893b076945]
/doc/vivado/Vivado/2022.1/lib/lnx64.o/libtcl8.5.so(+0x7e0f9) [0x7f893b07e0f9]
/doc/vivado/Vivado/2022.1/lib/lnx64.o/libtcl8.5.so(TclEvalObjEx+0x76) [0x7f893b035216]
/doc/vivado/Vivado/2022.1/lib/lnx64.o/librdi_commontasks.so(+0x259801) [0x7f8933e59801]
/doc/vivado/Vivado/2022.1/lib/lnx64.o/libtcl8.5.so(+0x3356f) [0x7f893b03356f]
/doc/vivado/Vivado/2022.1/lib/lnx64.o/libtcl8.5.so(+0x76945) [0x7f893b076945]
/doc/vivado/Vivado/2022.1/lib/lnx64.o/libtcl8.5.so(Tcl_ExprObj+0xf8) [0x7f893b07dcd8]
/doc/vivado/Vivado/2022.1/lib/lnx64.o/libtcl8.5.so(Tcl_ExprBooleanObj+0x16) [0x7f893b033f56]
/doc/vivado/Vivado/2022.1/lib/lnx64.o/libtcl8.5.so(+0x3e7ae) [0x7f893b03e7ae]
/doc/vivado/Vivado/2022.1/lib/lnx64.o/libtcl8.5.so(+0x3356f) [0x7f893b03356f]
/doc/vivado/Vivado/2022.1/lib/lnx64.o/libtcl8.5.so(+0x34bf8) [0x7f893b034bf8]
/doc/vivado/Vivado/2022.1/lib/lnx64.o/libtcl8.5.so(Tcl_EvalEx+0x13) [0x7f893b035163]
/doc/vivado/Vivado/2022.1/lib/lnx64.o/libtcl8.5.so(Tcl_FSEvalFileEx+0x1da) [0x7f893b099d2a]
/doc/vivado/Vivado/2022.1/lib/lnx64.o/librdi_commontasks.so(+0x275110) [0x7f8933e75110]
/doc/vivado/Vivado/2022.1/lib/lnx64.o/librdi_common.so(+0xb44ccf) [0x7f8941744ccf]
/doc/vivado/Vivado/2022.1/lib/lnx64.o/libtcl8.5.so(+0x3356f) [0x7f893b03356f]
/doc/vivado/Vivado/2022.1/lib/lnx64.o/libtcl8.5.so(+0x76945) [0x7f893b076945]
/doc/vivado/Vivado/2022.1/lib/lnx64.o/libtcl8.5.so(+0x7e0f9) [0x7f893b07e0f9]
/doc/vivado/Vivado/2022.1/lib/lnx64.o/libtcl8.5.so(TclEvalObjEx+0x76) [0x7f893b035216]
/doc/vivado/Vivado/2022.1/lib/lnx64.o/libtcl8.5.so(+0xb7637) [0x7f893b0b7637]
/doc/vivado/Vivado/2022.1/lib/lnx64.o/libtcl8.5.so(+0x3356f) [0x7f893b03356f]
/doc/vivado/Vivado/2022.1/lib/lnx64.o/libtcl8.5.so(+0x76945) [0x7f893b076945]
/doc/vivado/Vivado/2022.1/lib/lnx64.o/libtcl8.5.so(+0x7e0f9) [0x7f893b07e0f9]
/doc/vivado/Vivado/2022.1/lib/lnx64.o/libtcl8.5.so(TclEvalObjEx+0x76) [0x7f893b035216]
/doc/vivado/Vivado/2022.1/lib/lnx64.o/librdi_commontasks.so(+0x25975e) [0x7f8933e5975e]
/doc/vivado/Vivado/2022.1/lib/lnx64.o/libtcl8.5.so(+0x3356f) [0x7f893b03356f]
/doc/vivado/Vivado/2022.1/lib/lnx64.o/libtcl8.5.so(+0x34bf8) [0x7f893b034bf8]
/doc/vivado/Vivado/2022.1/lib/lnx64.o/libtcl8.5.so(+0xad566) [0x7f893b0ad566]
/doc/vivado/Vivado/2022.1/lib/lnx64.o/libtcl8.5.so(+0x34785) [0x7f893b034785]
/doc/vivado/Vivado/2022.1/lib/lnx64.o/libtcl8.5.so(Tcl_EvalEx+0x13) [0x7f893b035163]
/doc/vivado/Vivado/2022.1/lib/lnx64.o/libtcl8.5.so(Tcl_FSEvalFileEx+0x1da) [0x7f893b099d2a]
/doc/vivado/Vivado/2022.1/lib/lnx64.o/librdi_commontasks.so(+0x275110) [0x7f8933e75110]
/doc/vivado/Vivado/2022.1/lib/lnx64.o/librdi_common.so(+0xb44ccf) [0x7f8941744ccf]
/doc/vivado/Vivado/2022.1/lib/lnx64.o/libtcl8.5.so(+0x3356f) [0x7f893b03356f]
/doc/vivado/Vivado/2022.1/lib/lnx64.o/libtcl8.5.so(Tcl_EvalObjv+0x32) [0x7f893b0336a2]
/doc/vivado/Vivado/2022.1/lib/lnx64.o/libtcl8.5.so(TclEvalObjEx+0x322) [0x7f893b0354c2]
/doc/vivado/Vivado/2022.1/lib/lnx64.o/librdi_common.so(hdi::tcltasks::task_manager::eval_in_tcl(Tcl_Interp*, Tcl_Obj*, char const*, bool)+0x74d) [0x7f8941742d5d]
/doc/vivado/Vivado/2022.1/lib/lnx64.o/librdi_designutils.so(HRTInvoker::inProcessLaunch(HDGUIStatus&)+0x310) [0x7f89291940a0]
/doc/vivado/Vivado/2022.1/lib/lnx64.o/librdi_designutils.so(HRTInvoker::launch(HDGUIStatus&)+0x33) [0x7f89291946a3]
/doc/vivado/Vivado/2022.1/lib/lnx64.o/librdi_vivadotasks.so(+0x6523bd) [0x7f88e7a523bd]
/doc/vivado/Vivado/2022.1/lib/lnx64.o/librdi_vivadotasks.so(+0x659782) [0x7f88e7a59782]
/doc/vivado/Vivado/2022.1/lib/lnx64.o/librdi_common.so(+0xb44ccf) [0x7f8941744ccf]
/doc/vivado/Vivado/2022.1/lib/lnx64.o/libtcl8.5.so(+0x3356f) [0x7f893b03356f]
/doc/vivado/Vivado/2022.1/lib/lnx64.o/libtcl8.5.so(+0x76945) [0x7f893b076945]
/doc/vivado/Vivado/2022.1/lib/lnx64.o/libtcl8.5.so(+0x7e0f9) [0x7f893b07e0f9]
/doc/vivado/Vivado/2022.1/lib/lnx64.o/libtcl8.5.so(TclEvalObjEx+0x76) [0x7f893b035216]
/doc/vivado/Vivado/2022.1/lib/lnx64.o/librdi_common.so(+0xb435b3) [0x7f89417435b3]
/doc/vivado/Vivado/2022.1/lib/lnx64.o/libtcl8.5.so(Tcl_ServiceEvent+0x7f) [0x7f893b0a7bef]
/doc/vivado/Vivado/2022.1/lib/lnx64.o/libtcl8.5.so(Tcl_DoOneEvent+0x154) [0x7f893b0a7f24]
/doc/vivado/Vivado/2022.1/lib/lnx64.o/librdi_commontasks.so(+0x2b39f7) [0x7f8933eb39f7]
/doc/vivado/Vivado/2022.1/lib/lnx64.o/librdi_commontasks.so(+0x2bc22f) [0x7f8933ebc22f]
/doc/vivado/Vivado/2022.1/lib/lnx64.o/librdi_commontasks.so(+0x2bcb3f) [0x7f8933ebcb3f]
/doc/vivado/Vivado/2022.1/lib/lnx64.o/librdi_common.so(+0xb44ccf) [0x7f8941744ccf]
/doc/vivado/Vivado/2022.1/lib/lnx64.o/libtcl8.5.so(+0x3356f) [0x7f893b03356f]
/doc/vivado/Vivado/2022.1/lib/lnx64.o/libtcl8.5.so(+0x76945) [0x7f893b076945]
/doc/vivado/Vivado/2022.1/lib/lnx64.o/libtcl8.5.so(+0x7e0f9) [0x7f893b07e0f9]
/doc/vivado/Vivado/2022.1/lib/lnx64.o/libtcl8.5.so(TclEvalObjEx+0x76) [0x7f893b035216]
/doc/vivado/Vivado/2022.1/lib/lnx64.o/librdi_commonmain.so(+0xc538) [0x7f8942448538]
/doc/vivado/Vivado/2022.1/lib/lnx64.o/libtcl8.5.so(Tcl_Main+0x1d0) [0x7f893b0a02f0]
/doc/vivado/Vivado/2022.1/lib/lnx64.o/librdi_common.so(+0xb721fb) [0x7f89417721fb]
/lib/x86_64-linux-gnu/libc.so.6(+0x94b43) [0x7f8940094b43]
/lib/x86_64-linux-gnu/libc.so.6(+0x126a00) [0x7f8940126a00]
