00000000000000000000001000000000000000011010000000000000000000001110000000000000000000000000000000000000000000000000000000000000000000000000000111111111111111111100011000000001100000010100000000001100000011111111110000000000000000000011011101100
01111000000010010000100111111111111111101110000000000000000000001110111110000010101000000000000000000000000000010010000101110000011010011010101010100111001010010101001100000000000000010100000000000000000111111111100000000000000000000001011101100
01111000011100010011111101111111111111101100000000000000000000001111111101110011000000000000000000000000000011100010011111110000010110100101101101000000000110100011010010000000000000011100000000000000000111111111100000000000000000000001011101100
01111000001110010111011101111111111111100000000000000000000000001111111111110001000000000000000000000000000011100101110111010000011100111111010100000110101100111010011110000000000000011100000000000000000111111111100000000000000000000001011101100
01111000000000000001011100000000000000000100000000000000000000001111000010100000001000000000000000000000000111000111100110110000010101110101001011000010110101110010111010000000000000000000000000000000000111111111110000000000000000000001011101100
01111000000111110101010100000000000000000000000000000000000000001110000011010001000000000000000000000000000001111101010111110000010101111100010111110010010101111010111110000000000000000000000000000000000111111111110000000000000000000001011101100
00111000101101001101001111111111111111101010000000000000000000001111000000010110110000000000000000000000000101101001101011110000010111010001110101000100010111001111110000000001100000011100000000001100000111111111100000000000000000000011011101100
00000000010110111000111010000000000000010000000000000000000000001111000001000101100000000000000000000000000101101110001110110000011101101101001000011001001101101010101110000001100000011100000000001100000111111111110000000000000000000011011101100
00000000000000000011101010000000000000001100000000000000000000001111111101101000110000000000000000000000000100111001111111110000010111010100110100001100110111010011110010000001100000011100000000001100000111111111110000000000000000000011011101100
00000000000000000010100011111111111111110110000000000000000000001110111101111100001000000000000000000000000101011111001001100000011010001010000110011001001010000101000100000000000000011100000000000000000011111111100000000000000000000001011101100
00000000110111010111100001111111111111100010000000000000000000001111111111000010010000000000000000000000000110111010111100100000011001000001110101111011111000111100111000000001100000011100000000001100000011111111100000000000000000000011011101100
00000000000000011010011001111111111111100010000000000000000000001110000000101011011000000000000000000000000000000011010011100000010101000001110000001010110100111110111000000001100000011100000000001100000011111111100000000000000000000011011101100
00000000000000000101000011111111111111100100000000000000000000001111111110000111101000000000000000000000000001001000000101010000011010000110010110101111111010000001011010000001100000011100000000001100000111111111100000000000000000000011011101100
00000000000000000001011011111111111111110000000000000000000000001111000000100000111000000000000000000000000001100110011111110000010101101100111101100110000101101010101110000001100000011100000000001100000111111111100000000000000000000011011101100
00000000000000000011100000000000000000000010000000000000000000001110111101011000011000000000000000000000000010111001100111100000010111000010110101111100110110111111111000000001100000011100000000001100000011111111110000000000000000000011011101100
00000000000000000011111011111111111111101000000000000000000000001111111111000000101000000000000000000000000110000111111111110000011111101100011001010111111111101011110110000000000000011100000000000000000111111111100000000000000000000001011101100
00000000000000000010011010000000000000001000000000000000000000001111111101111111100000000000000000000000000100111111011011110000011001101111110111100000111001101000110110000000000000011100000000000000000111111111110000000000000000000001011101100
00000000000000000011011011111111111111101110000000000000000000001110111100111111011000000000000000000000000010110100011011110000011101101000010001101001001101100110101100000001100000011100000000001100000111111111100000000000000000000011011101100
00000000000000000011011010000000000000000100000000000000000000001110111101001011101000000000000000000000000110001011010111010000010110110111010111110001100110110011011010000000000000011100000000000000000111111111110000000000000000000001011101100
00000000001100011010011000000000000000011100000000000000000000001110111101111100111000000000000000000000000011000110100110010000010100110111101011001010100100110010000010000001100000011100000000001100000111111111110000000000000000000011011101100
01111000011011010001111111111111111111111010000000000000000000001111111111001101000000000000000000000000000110110100011111100000010000000010010101001001101111111100000000000000000000011100000000000000000011111111100000000000000000000001011101100
00000000000000000100011000000000000000000010000000000000000000001110000001101101100000000000000000000000000110110001011111110000011000110010011100100100101000101100011000000000000000011100000000000000000111111111110000000000000000000001011101100
