./syn_vivado.v:2259: warning: Port 2 (O) of CARRY4 expects 4 bits, got 3.
./syn_vivado.v:2259:        : Padding 1 high bits of the port.
./syn_vivado.v:3314: warning: Port 1 (CO) of CARRY4 expects 4 bits, got 1.
./syn_vivado.v:3314:        : Padding 3 high bits of the port.
./syn_vivado.v:3327: warning: Port 1 (CO) of CARRY4 expects 4 bits, got 3.
./syn_vivado.v:3327:        : Padding 1 high bits of the port.
./syn_vivado.v:3354: warning: Port 1 (CO) of CARRY4 expects 4 bits, got 3.
./syn_vivado.v:3354:        : Padding 1 high bits of the port.
./syn_vivado.v:3671: warning: Port 1 (CO) of CARRY4 expects 4 bits, got 3.
./syn_vivado.v:3671:        : Padding 1 high bits of the port.
./syn_vivado.v:4802: warning: Port 1 (CO) of CARRY4 expects 4 bits, got 3.
./syn_vivado.v:4802:        : Padding 1 high bits of the port.
./syn_vivado.v:4826: warning: Port 1 (CO) of CARRY4 expects 4 bits, got 3.
./syn_vivado.v:4826:        : Padding 1 high bits of the port.
./syn_vivado.v:4834: warning: Port 1 (CO) of CARRY4 expects 4 bits, got 2.
./syn_vivado.v:4834:        : Padding 2 high bits of the port.
./syn_vivado.v:4834: warning: Port 2 (O) of CARRY4 expects 4 bits, got 3.
./syn_vivado.v:4834:        : Padding 1 high bits of the port.
./syn_vivado.v:5597: warning: Port 1 (CO) of CARRY4 expects 4 bits, got 2.
./syn_vivado.v:5597:        : Padding 2 high bits of the port.
./syn_vivado.v:5624: warning: Port 1 (CO) of CARRY4 expects 4 bits, got 1.
./syn_vivado.v:5624:        : Padding 3 high bits of the port.
./syn_vivado.v:5637: warning: Port 1 (CO) of CARRY4 expects 4 bits, got 2.
./syn_vivado.v:5637:        : Padding 2 high bits of the port.
./syn_vivado.v:5637: warning: Port 2 (O) of CARRY4 expects 4 bits, got 1.
./syn_vivado.v:5637:        : Padding 3 high bits of the port.
./syn_vivado.v:6607: warning: Port 1 (CO) of CARRY4 expects 4 bits, got 1.
./syn_vivado.v:6607:        : Padding 3 high bits of the port.
./syn_vivado.v:8131: warning: Port 1 (CO) of CARRY4 expects 4 bits, got 1.
./syn_vivado.v:8131:        : Padding 3 high bits of the port.
./syn_vivado.v:8485: warning: Port 1 (CO) of CARRY4 expects 4 bits, got 3.
./syn_vivado.v:8485:        : Padding 1 high bits of the port.
warning: Found both default and `timescale based delays. Use
       : -Wtimescale to find the module(s) with no `timescale.
