1111111110000000000000000000000000000010000000000000000000000000000000000001000000000000000000000000000000000000000000000000010
1111111111111000000000100000000000010000000000000100000001000000000000010010000000000000000000000000000000000000000001000100000
1111111111111000000000100000000000000110000000000001100010010100010000100100000000000000000000000000000000000000000011111000000
0000000001111110000000100000000000000010000000010001100111001010101111110010000000000000000000010100000000000000000000000010000
0000000000001110000000100000000000001000000000010010000000110000000000001100000000000000000000000000000000000000000000101010000
0000000000000000000000000000000000001110000000011011100101000101001111010011000000000000000000000101000000000000000000001011110
1111111110001010000000000000000000011000000000000110000100010000001001000100000000000000000000000000000000000000000001101000010
0000000000001110000000000000000000011110000000010111100000110000000000001101000000000000000000000000000000000000000000110110000
1111111110000010000000100000000000001100000000000011000011000111110000110000000000000000000000000000000000000000000011111000000
1111111111111100000000000000000000011000000000000110000001110100111000011111000000000000000000000000000000000000000001111100000
0000000000000010000000100000000000001000000000011010000011000000000000110010000000000000000000000000000000000000000011000011100
0000000000000010000000100000000000011100000000011111000010110000000000101101000000000000000000000000000000000000000010110111100
1111111111111000000000000000000000011000000000000110000000000000000000000010000000000000000000001010000000000000000000000110110
0000000001110000000000000000000000000100000000011001000000100000000000001000000000000000000000000000010000000000000000011011110
1111111110000100000000100000000000001110000000000011100010111100010010101100000000000000000000000000000000000000000011011000000
0000000001110110000000000000000000000010000000011000100001000000000000010010000000000000000000000000000000000000000001000011000
1111111111110110000000100000000000010110000000000101100110000000101111100001000000000000000000001010000000000000000000000100010
0000000000000010000000000000000000011100000000011111000010000010010100100011000000000000000000000000000000000000000010111111100
1111111110000100000000100000000000010010000000000100100100010101011111000111000000000000000000000010100000000000000000001100010
0000000000001010000000000000000000011010000000010110100010110000000000101110000000000000000000000000000000000000000010110110100
0000000000001100000000100000000000001011111111010010100000000000000000000001000000000000000000010100000000000000000000000000000
0000000000001100000000000000001110001100000000010011000001110000000000011101000000000000000000000000000000000000000001110010010
