0000000000000000000000000000100000000000000000000000000000000000000000000000000000
0000000000000000000000000000000000000000000000000000000000000000000000000000001110
0000000000000000110000000000000000000000000000100000000000000000000000000000110110
0000000000000000100000000000000000000000000000000000000000000000000000000000101010
0000000000000000110000000000000000000000000000100000000000000000000000000000111010
0000000000000000110000000000000000000000000000100000000000000000000000000000111000
0000000000000000010000000000000000000000000000100000000000000000000000000000010010
0000000000000000010000000000000000000000000000100000000000000000000000000000010010
0000000000000000100000000000000000000000000000000000000000000000000000000000100000
0000000000000000110000000000000000000000000000100000000000000000000000000000110100
0000000000000000000000000000000000000000000000000000000000000000000000000000000110
0000000000000000110000000000000000000000000000100000000000000000000000000000110100
0000000000000000110000000000000000000000000000100000000000000000000000000000111100
0000000000000000000000000000000000000000000000000000000000000000000000000000000010
0000000000000000110000000000000000000000000000100000000000000000000000000000110100
0000000000000000010000000000000000000000000000100000000000000000000000000000011000
0000000000000000100000000000000000000000000000000000000000000000000000000000100110
0000000000000000000000000000000000000000000000000000000000000000000000000000000100
0000000000000000100000000000000000000000000000000000000000000000000000000000100100
0000000000000000000000000000000000000000000000000000000000000000000000000000000010
0000000000000000000000000000000000000000000000000000000000000000000000000000000110
0000000000000000110000000000000000000000000000100000000000000000000000000000110110
